#-----------------------------------------------------------
# Vivado v2019.1 (64-bit)
# SW Build 2552052 on Fri May 24 14:49:42 MDT 2019
# IP Build 2548770 on Fri May 24 18:01:18 MDT 2019
# Start of session at: Thu Jan 16 15:32:35 2020
# Process ID: 7308
# Current directory: C:/ProjetsFPGA/projets_vivado/pb_APP_log_seq
# Command line: vivado.exe -gui_launcher_event rodinguilauncherevent8920 C:\ProjetsFPGA\projets_vivado\pb_APP_log_seq\pb_APP_log_seq.xpr
# Log file: C:/ProjetsFPGA/projets_vivado/pb_APP_log_seq/vivado.log
# Journal file: C:/ProjetsFPGA/projets_vivado/pb_APP_log_seq\vivado.jou
#-----------------------------------------------------------
start_gui
open_project C:/ProjetsFPGA/projets_vivado/pb_APP_log_seq/pb_APP_log_seq.xpr
Scanning sources...
Finished scanning sources
INFO: [IP_Flow 19-234] Refreshing IP repositories
INFO: [IP_Flow 19-1704] No user IP repositories specified
INFO: [IP_Flow 19-2313] Loaded Vivado IP repository 'C:/Xilinx/Vivado/2019.1/data/ip'.
open_project: Time (s): cpu = 00:00:20 ; elapsed = 00:00:07 . Memory (MB): peak = 778.605 ; gain = 92.645
archive_project C:/ProjetsFPGA/projets_vivado/pb_APP_log_seq.xpr.zip -temp_dir C:/ProjetsFPGA/projets_vivado/pb_APP_log_seq/.Xil/Vivado-7308-DalleVostro01 -force -exclude_run_results -include_local_ip_cache
INFO: [Coretcl 2-137] starting archive...
INFO: [Coretcl 2-1499] Saving project copy to temporary location 'C:/ProjetsFPGA/projets_vivado/pb_APP_log_seq/.Xil/Vivado-7308-DalleVostro01' for archiving project
Scanning sources...
Finished scanning sources
INFO: [Coretcl 2-1211] Creating project copy for archival...
INFO: [ProjectBase 1-495] The host OS only allows 260 characters in a normal path. The project is stored in a path with more than 80 characters. If you experience any problem with archiving the project, please consider setting environment variable $TEMP to a shorter path.
Current project path is 'C:/ProjetsFPGA/projets_vivado/pb_APP_log_seq/.Xil/Vivado-7308-DalleVostro01/PrjAr/_X_'.
INFO: [Coretcl 2-135] resetting runs for excluding generated files from archive...
WARNING: [Coretcl 2-105] Run 'synth_1' is currently active
INFO: [Coretcl 2-133] re-setting run 'synth_1'...
INFO: [Coretcl 2-133] re-setting run 'impl_1'...
