INFO: [VRFC 10-163] Analyzing VHDL file "C:/Users/Simon Torres/source/repos/s4-app2/pb_APP_log_seq.srcs/sources_1/new/attenateur_pwm.vhd" into library xil_defaultlib
INFO: [VRFC 10-3107] analyzing entity 'attenuateur_pwm'
INFO: [VRFC 10-163] Analyzing VHDL file "C:/Users/Simon Torres/source/repos/s4-app2/pb_APP_log_seq.srcs/sources_1/new/calcul_param_1.vhd" into library xil_defaultlib
INFO: [VRFC 10-3107] analyzing entity 'calcul_param_1'
INFO: [VRFC 10-163] Analyzing VHDL file "C:/Users/Simon Torres/source/repos/s4-app2/pb_APP_log_seq.srcs/sources_1/new/calcul_param_2.vhd" into library xil_defaultlib
INFO: [VRFC 10-3107] analyzing entity 'calcul_param_2'
INFO: [VRFC 10-163] Analyzing VHDL file "C:/Users/Simon Torres/source/repos/s4-app2/pb_APP_log_seq.srcs/sources_1/new/calcul_param_3.vhd" into library xil_defaultlib
INFO: [VRFC 10-3107] analyzing entity 'calcul_param_3'
INFO: [VRFC 10-163] Analyzing VHDL file "C:/Users/Simon Torres/source/repos/s4-app2/pb_APP_log_seq.srcs/sources_1/new/circuit_tr_signal.vhd" into library xil_defaultlib
INFO: [VRFC 10-3107] analyzing entity 'circuit_tr_signal'
INFO: [VRFC 10-163] Analyzing VHDL file "C:/Users/Simon Torres/source/repos/s4-app2/pb_APP_log_seq.srcs/sources_1/new/ctrl_i2c_V4_codec_ssm2603.vhd" into library xil_defaultlib
INFO: [VRFC 10-3107] analyzing entity 'ctrl_i2c_V4_ssm2603'
INFO: [VRFC 10-163] Analyzing VHDL file "C:/Users/Simon Torres/source/repos/s4-app2/pb_APP_log_seq.srcs/sources_1/new/gen_clk_codec.vhd" into library xil_defaultlib
INFO: [VRFC 10-3107] analyzing entity 'gen_clk_codec'
INFO: [VRFC 10-163] Analyzing VHDL file "C:/Users/Simon Torres/source/repos/s4-app2/pb_APP_log_seq.srcs/sources_1/new/i2c_master.vhd" into library xil_defaultlib
INFO: [VRFC 10-3107] analyzing entity 'i2c_master'
WARNING: [VRFC 10-471] case choice must be a locally static expression [C:/Users/Simon Torres/source/repos/s4-app2/pb_APP_log_seq.srcs/sources_1/new/i2c_master.vhd:86]
WARNING: [VRFC 10-471] case choice must be a locally static expression [C:/Users/Simon Torres/source/repos/s4-app2/pb_APP_log_seq.srcs/sources_1/new/i2c_master.vhd:89]
WARNING: [VRFC 10-471] case choice must be a locally static expression [C:/Users/Simon Torres/source/repos/s4-app2/pb_APP_log_seq.srcs/sources_1/new/i2c_master.vhd:92]
INFO: [VRFC 10-163] Analyzing VHDL file "C:/Users/Simon Torres/source/repos/s4-app2/pb_APP_log_seq.srcs/sources_1/new/init_codec_v2.vhd" into library xil_defaultlib
INFO: [VRFC 10-3107] analyzing entity 'init_codec_v2'
INFO: [VRFC 10-163] Analyzing VHDL file "C:/Users/Simon Torres/source/repos/s4-app2/pb_APP_log_seq.srcs/sources_1/new/module_sig.vhd" into library xil_defaultlib
INFO: [VRFC 10-3107] analyzing entity 'module_sig'
INFO: [VRFC 10-163] Analyzing VHDL file "C:/Users/Simon Torres/source/repos/s4-app2/pb_APP_log_seq.srcs/sources_1/new/sig_fct_1.vhd" into library xil_defaultlib
INFO: [VRFC 10-3107] analyzing entity 'sig_fct_1'
INFO: [VRFC 10-163] Analyzing VHDL file "C:/Users/Simon Torres/source/repos/s4-app2/pb_APP_log_seq.srcs/sources_1/new/sig_fct_2.vhd" into library xil_defaultlib
INFO: [VRFC 10-3107] analyzing entity 'sig_fct_2'
INFO: [VRFC 10-163] Analyzing VHDL file "C:/Users/Simon Torres/source/repos/s4-app2/pb_APP_log_seq.srcs/sources_1/new/sig_fct_3.vhd" into library xil_defaultlib
INFO: [VRFC 10-3107] analyzing entity 'sig_fct_3'
INFO: [VRFC 10-163] Analyzing VHDL file "C:/Users/Simon Torres/source/repos/s4-app2/pb_APP_log_seq.srcs/sources_1/new/strb_gen_v3.vhd" into library xil_defaultlib
INFO: [VRFC 10-3107] analyzing entity 'strb_gen'
INFO: [VRFC 10-163] Analyzing VHDL file "C:/Users/Simon Torres/source/repos/s4-app2/pb_APP_log_seq.srcs/sources_1/new/synchro_codec_v1.vhd" into library xil_defaultlib
INFO: [VRFC 10-3107] analyzing entity 'synchro_codec_v1'
INFO: [VRFC 10-163] Analyzing VHDL file "C:/Users/Simon Torres/source/repos/s4-app2/pb_APP_log_seq.srcs/sources_1/new/affhex_pmodssd_v3.vhd" into library xil_defaultlib
INFO: [VRFC 10-3107] analyzing entity 'affhexPmodSSD_v3'
INFO: [VRFC 10-163] Analyzing VHDL file "C:/Users/Simon Torres/source/repos/s4-app2/pb_APP_log_seq.srcs/sources_1/new/conditionne_btn_v7.vhd" into library xil_defaultlib
INFO: [VRFC 10-3107] analyzing entity 'conditionne_btn_v7'
INFO: [VRFC 10-163] Analyzing VHDL file "C:/Users/Simon Torres/source/repos/s4-app2/pb_APP_log_seq.srcs/sources_1/new/module_commande.vhd" into library xil_defaultlib
INFO: [VRFC 10-3107] analyzing entity 'module_commande'
INFO: [VRFC 10-163] Analyzing VHDL file "C:/Users/Simon Torres/source/repos/s4-app2/pb_APP_log_seq.srcs/sources_1/new/codeur_i2s_vsb.vhd" into library xil_defaultlib
INFO: [VRFC 10-3107] analyzing entity 'codeur_i2s_vsb'
INFO: [VRFC 10-163] Analyzing VHDL file "C:/Users/Simon Torres/source/repos/s4-app2/pb_APP_log_seq.srcs/sources_1/new/decodeur_i2s_v1b.vhd" into library xil_defaultlib
INFO: [VRFC 10-3107] analyzing entity 'decodeur_i2s_v1b'
INFO: [VRFC 10-163] Analyzing VHDL file "C:/Users/Simon Torres/source/repos/s4-app2/pb_APP_log_seq.srcs/sources_1/new/mef_decod_i2s_v1b.vhd" into library xil_defaultlib
INFO: [VRFC 10-3107] analyzing entity 'mef_decod_i2s_v1b'
INFO: [VRFC 10-163] Analyzing VHDL file "C:/Users/Simon Torres/source/repos/s4-app2/pb_APP_log_seq.srcs/sources_1/new/reg_dec_24b_fd.vhd" into library xil_defaultlib
INFO: [VRFC 10-3107] analyzing entity 'reg_dec_24b_fd'
INFO: [VRFC 10-163] Analyzing VHDL file "C:/Users/Simon Torres/source/repos/s4-app2/pb_APP_log_seq.srcs/sources_1/new/reg_dec_24b.vhd" into library xil_defaultlib
INFO: [VRFC 10-3107] analyzing entity 'reg_dec_24b'
INFO: [VRFC 10-163] Analyzing VHDL file "C:/Users/Simon Torres/source/repos/s4-app2/pb_APP_log_seq.srcs/sources_1/new/mef_cod_i2s_vsb.vhd" into library xil_defaultlib
INFO: [VRFC 10-3107] analyzing entity 'mef_cod_i2s_vsb'
INFO: [VRFC 10-163] Analyzing VHDL file "C:/Users/Simon Torres/source/repos/s4-app2/pb_APP_log_seq.srcs/sources_1/new/compteur_nbits.vhd" into library xil_defaultlib
INFO: [VRFC 10-3107] analyzing entity 'compteur_nbits'
INFO: [VRFC 10-163] Analyzing VHDL file "C:/Users/Simon Torres/source/repos/s4-app2/pb_APP_log_seq.srcs/sources_1/new/reg_24b.vhd" into library xil_defaultlib
INFO: [VRFC 10-3107] analyzing entity 'reg_24b'
INFO: [VRFC 10-163] Analyzing VHDL file "C:/Users/Simon Torres/source/repos/s4-app2/pb_APP_log_seq.srcs/sources_1/new/synchro_zybo_v1.vhd" into library xil_defaultlib
INFO: [VRFC 10-3107] analyzing entity 'synchro_zybo_v1'
INFO: [VRFC 10-163] Analyzing VHDL file "C:/Users/Simon Torres/source/repos/s4-app2/pb_APP_log_seq.srcs/sources_1/new/MEF_btn.vhd" into library xil_defaultlib
INFO: [VRFC 10-3107] analyzing entity 'MEF_btn'
INFO: [VRFC 10-163] Analyzing VHDL file "C:/Users/Simon Torres/source/repos/s4-app2/pb_APP_log_seq.srcs/sources_1/new/MEFCount3.vhd" into library xil_defaultlib
INFO: [VRFC 10-3107] analyzing entity 'MEFCount3'
INFO: [VRFC 10-163] Analyzing VHDL file "C:/Users/Simon Torres/source/repos/s4-app2/pb_APP_log_seq.srcs/sources_1/new/MEF_Param1.vhd" into library xil_defaultlib
INFO: [VRFC 10-3107] analyzing entity 'mefparam1'
INFO: [VRFC 10-163] Analyzing VHDL file "C:/Users/Simon Torres/source/repos/s4-app2/pb_APP_log_seq.srcs/sim_1/new/simul_module_sig_tb.vhd" into library xil_defaultlib
INFO: [VRFC 10-3107] analyzing entity 'simul_module_sig_tb'
INFO: [VRFC 10-163] Analyzing VHDL file "C:/Users/Simon Torres/source/repos/s4-app2/pb_APP_log_seq.srcs/sim_1/new/param1_tb.vhd" into library xil_defaultlib
INFO: [VRFC 10-3107] analyzing entity 'param1_tb'
